Arguments: 
  E:\Program Files\nodejs\node.exe C:\Users\Kristian_2\AppData\Roaming\npm\node_modules\yarn\bin\yarn.js build

PATH: 
  C:\Windows\system32;C:\Windows;C:\Windows\System32\Wbem;C:\Windows\System32\WindowsPowerShell\v1.0\;C:\Program Files (x86)\NVIDIA Corporation\PhysX\Common;C:\Program Files (x86)\GtkSharp\2.12\bin;C:\Program Files (x86)\Skype\Phone\;C:\WINDOWS\system32;C:\WINDOWS;C:\WINDOWS\System32\Wbem;C:\WINDOWS\System32\WindowsPowerShell\v1.0\;C:\WINDOWS\system32\config\systemprofile\.dnx\bin;C:\Program Files\Microsoft DNX\Dnvm\;C:\Program Files\Microsoft SQL Server\120\Tools\Binn\;C:\Program Files\Microsoft SQL Server\130\Tools\Binn\;C:\Program Files (x86)\Windows Kits\10\Windows Performance Toolkit\;C:\Program Files\dotnet\;E:\Program Files\nodejs\;C:\Program Files\Git\cmd;C:\xampp\php;C:\ProgramData\ComposerSetup\bin;C:\RailsInstaller\Git\cmd;C:\RailsInstaller\Ruby2.3.3\bin;E:\Users\Kristian_2\Anaconda3;E:\Users\Kristian_2\Anaconda3\Library\mingw-w64\bin;E:\Users\Kristian_2\Anaconda3\Library\usr\bin;E:\Users\Kristian_2\Anaconda3\Library\bin;E:\Users\Kristian_2\Anaconda3\Scripts;C:\Users\Kristian_2\AppData\Local\Microsoft\WindowsApps;E:\Program Files (x86)\Microsoft VS Code\bin;C:\Users\Kristian_2\AppData\Local\GitHubDesktop\bin;C:\Users\Kristian_2\AppData\Local\Microsoft\WindowsApps;C:\Users\Kristian_2\AppData\Local\atom\bin;C:\Users\Kristian_2\AppData\Roaming\npm;C:\Program Files\Heroku\bin;C:\Users\Kristian_2\AppData\Roaming\Composer\vendor\bin

Yarn version: 
  1.5.1

Node version: 
  9.5.0

Platform: 
  win32 x64

npm manifest: 
  {
    "name": "user-api",
    "version": "1.0.0",
    "description": "v0.1",
    "main": "index.js",
    "scripts": {
      "dev-server": "webpack-dev-server --mode development",
      "build": "webpack"
    },
    "author": "",
    "license": "ISC",
    "dependencies": {
      "axios": "^0.18.0",
      "babel-cli": "^6.26.0",
      "babel-core": "^6.26.3",
      "babel-loader": "^7.1.4",
      "babel-plugin-transform-class-properties": "^6.24.1",
      "babel-preset-env": "^1.6.1",
      "babel-preset-react": "^6.24.1",
      "css-loader": "^0.28.11",
      "express": "^4.16.3",
      "history": "^4.7.2",
      "mini-css-extract-plugin": "^0.4.0",
      "node-sass": "^4.9.0",
      "react": "^16.3.2",
      "react-dom": "^16.3.2",
      "react-js-pagination": "^3.0.2",
      "react-router-dom": "^4.2.2",
      "sass-loader": "^7.0.1",
      "style-loader": "^0.21.0",
      "validator": "^9.4.1",
      "webpack": "^4.6.0",
      "webpack-dev-server": "^3.1.3"
    },
    "devDependencies": {
      "webpack-cli": "^2.0.15"
    }
  }

yarn manifest: 
  No manifest

Lockfile: 
  No lockfile

Trace: 
  Error: Command failed.
  Exit code: 3221225786
  Command: C:\WINDOWS\system32\cmd.exe
  Arguments: /d /s /c webpack
  Directory: C:\xampp\htdocs\api
  Output:
  
      at ProcessTermError.MessageError (C:\Users\Kristian_2\AppData\Roaming\npm\node_modules\yarn\lib\cli.js:186:110)
      at new ProcessTermError (C:\Users\Kristian_2\AppData\Roaming\npm\node_modules\yarn\lib\cli.js:226:113)
      at ChildProcess.<anonymous> (C:\Users\Kristian_2\AppData\Roaming\npm\node_modules\yarn\lib\cli.js:30281:17)
      at ChildProcess.emit (events.js:160:13)
      at maybeClose (internal/child_process.js:943:16)
      at Process.ChildProcess._handle.onexit (internal/child_process.js:220:5)
